{"C:\\Users\\giova\\dev\\challenge\\src\\app.js": {"path":"C:\\Users\\giova\\dev\\challenge\\src\\app.js","statementMap":{"0":{"start":{"line":1,"column":16},"end":{"line":1,"column":34}},"1":{"start":{"line":2,"column":13},"end":{"line":2,"column":28}},"2":{"start":{"line":3,"column":15},"end":{"line":3,"column":32}},"3":{"start":{"line":4,"column":13},"end":{"line":4,"column":28}},"4":{"start":{"line":5,"column":0},"end":{"line":5,"column":27}},"5":{"start":{"line":7,"column":12},"end":{"line":7,"column":21}},"6":{"start":{"line":10,"column":0},"end":{"line":10,"column":16}},"7":{"start":{"line":11,"column":0},"end":{"line":11,"column":24}},"8":{"start":{"line":12,"column":0},"end":{"line":12,"column":48}},"9":{"start":{"line":13,"column":0},"end":{"line":13,"column":23}},"10":{"start":{"line":16,"column":0},"end":{"line":16,"column":56}},"11":{"start":{"line":19,"column":24},"end":{"line":19,"column":60}},"12":{"start":{"line":20,"column":0},"end":{"line":20,"column":33}},"13":{"start":{"line":23,"column":0},"end":{"line":28,"column":1}},"14":{"start":{"line":24,"column":15},"end":{"line":24,"column":39}},"15":{"start":{"line":25,"column":2},"end":{"line":27,"column":5}},"16":{"start":{"line":26,"column":4},"end":{"line":26,"column":53}},"17":{"start":{"line":30,"column":0},"end":{"line":30,"column":21}}},"fnMap":{"0":{"name":"(anonymous_0)","decl":{"start":{"line":25,"column":19},"end":{"line":25,"column":20}},"loc":{"start":{"line":25,"column":25},"end":{"line":27,"column":3}},"line":25}},"branchMap":{"0":{"loc":{"start":{"line":23,"column":0},"end":{"line":28,"column":1}},"type":"if","locations":[{"start":{"line":23,"column":0},"end":{"line":28,"column":1}},{"start":{},"end":{}}],"line":23},"1":{"loc":{"start":{"line":24,"column":15},"end":{"line":24,"column":39}},"type":"binary-expr","locations":[{"start":{"line":24,"column":15},"end":{"line":24,"column":31}},{"start":{"line":24,"column":35},"end":{"line":24,"column":39}}],"line":24}},"s":{"0":1,"1":1,"2":1,"3":1,"4":1,"5":1,"6":1,"7":1,"8":1,"9":1,"10":1,"11":1,"12":1,"13":1,"14":0,"15":0,"16":0,"17":1},"f":{"0":0},"b":{"0":[0,1],"1":[0,0]},"_coverageSchema":"1a1c01bbd47fc00a2c39e90264f33305004495a9","hash":"e0a670987d04958e56ed8764bd912fdb6593b00e"}
,"C:\\Users\\giova\\dev\\challenge\\src\\controllers\\challenge.controller.js": {"path":"C:\\Users\\giova\\dev\\challenge\\src\\controllers\\challenge.controller.js","statementMap":{"0":{"start":{"line":1,"column":25},"end":{"line":1,"column":65}},"1":{"start":{"line":5,"column":4},"end":{"line":23,"column":5}},"2":{"start":{"line":6,"column":42},"end":{"line":6,"column":50}},"3":{"start":{"line":8,"column":6},"end":{"line":12,"column":7}},"4":{"start":{"line":9,"column":8},"end":{"line":11,"column":11}},"5":{"start":{"line":14,"column":21},"end":{"line":14,"column":83}},"6":{"start":{"line":15,"column":6},"end":{"line":15,"column":23}},"7":{"start":{"line":17,"column":6},"end":{"line":20,"column":7}},"8":{"start":{"line":19,"column":8},"end":{"line":19,"column":62}},"9":{"start":{"line":21,"column":6},"end":{"line":21,"column":57}},"10":{"start":{"line":22,"column":6},"end":{"line":22,"column":63}},"11":{"start":{"line":27,"column":4},"end":{"line":33,"column":5}},"12":{"start":{"line":28,"column":26},"end":{"line":28,"column":65}},"13":{"start":{"line":29,"column":6},"end":{"line":29,"column":28}},"14":{"start":{"line":31,"column":6},"end":{"line":31,"column":58}},"15":{"start":{"line":32,"column":6},"end":{"line":32,"column":63}},"16":{"start":{"line":37,"column":4},"end":{"line":43,"column":5}},"17":{"start":{"line":38,"column":19},"end":{"line":38,"column":54}},"18":{"start":{"line":39,"column":6},"end":{"line":39,"column":21}},"19":{"start":{"line":41,"column":6},"end":{"line":41,"column":61}},"20":{"start":{"line":42,"column":6},"end":{"line":42,"column":63}},"21":{"start":{"line":47,"column":0},"end":{"line":47,"column":43}}},"fnMap":{"0":{"name":"(anonymous_0)","decl":{"start":{"line":4,"column":2},"end":{"line":4,"column":3}},"loc":{"start":{"line":4,"column":33},"end":{"line":24,"column":3}},"line":4},"1":{"name":"(anonymous_1)","decl":{"start":{"line":26,"column":2},"end":{"line":26,"column":3}},"loc":{"start":{"line":26,"column":33},"end":{"line":34,"column":3}},"line":26},"2":{"name":"(anonymous_2)","decl":{"start":{"line":36,"column":2},"end":{"line":36,"column":3}},"loc":{"start":{"line":36,"column":35},"end":{"line":44,"column":3}},"line":36}},"branchMap":{"0":{"loc":{"start":{"line":8,"column":6},"end":{"line":12,"column":7}},"type":"if","locations":[{"start":{"line":8,"column":6},"end":{"line":12,"column":7}},{"start":{},"end":{}}],"line":8},"1":{"loc":{"start":{"line":8,"column":10},"end":{"line":8,"column":37}},"type":"binary-expr","locations":[{"start":{"line":8,"column":10},"end":{"line":8,"column":24}},{"start":{"line":8,"column":28},"end":{"line":8,"column":37}}],"line":8},"2":{"loc":{"start":{"line":17,"column":6},"end":{"line":20,"column":7}},"type":"if","locations":[{"start":{"line":17,"column":6},"end":{"line":20,"column":7}},{"start":{},"end":{}}],"line":17},"3":{"loc":{"start":{"line":17,"column":10},"end":{"line":18,"column":69}},"type":"binary-expr","locations":[{"start":{"line":17,"column":10},"end":{"line":17,"column":46}},{"start":{"line":18,"column":10},"end":{"line":18,"column":69}}],"line":17}},"s":{"0":2,"1":6,"2":6,"3":6,"4":2,"5":4,"6":2,"7":2,"8":2,"9":0,"10":0,"11":3,"12":3,"13":2,"14":1,"15":1,"16":3,"17":3,"18":2,"19":1,"20":1,"21":2},"f":{"0":6,"1":3,"2":3},"b":{"0":[2,4],"1":[6,6],"2":[2,0],"3":[2,0]},"_coverageSchema":"1a1c01bbd47fc00a2c39e90264f33305004495a9","hash":"a6f814c4402af08488af83f15cf84831dae6a0af"}
,"C:\\Users\\giova\\dev\\challenge\\src\\models\\passcode.model.js": {"path":"C:\\Users\\giova\\dev\\challenge\\src\\models\\passcode.model.js","statementMap":{"0":{"start":{"line":1,"column":11},"end":{"line":1,"column":33}},"1":{"start":{"line":2,"column":13},"end":{"line":2,"column":28}},"2":{"start":{"line":6,"column":4},"end":{"line":6,"column":78}},"3":{"start":{"line":10,"column":4},"end":{"line":19,"column":5}},"4":{"start":{"line":11,"column":19},"end":{"line":11,"column":59}},"5":{"start":{"line":12,"column":6},"end":{"line":12,"column":40}},"6":{"start":{"line":14,"column":6},"end":{"line":17,"column":7}},"7":{"start":{"line":16,"column":8},"end":{"line":16,"column":18}},"8":{"start":{"line":18,"column":6},"end":{"line":18,"column":18}},"9":{"start":{"line":23,"column":22},"end":{"line":23,"column":50}},"10":{"start":{"line":24,"column":4},"end":{"line":24,"column":60}},"11":{"start":{"line":24,"column":31},"end":{"line":24,"column":58}},"12":{"start":{"line":28,"column":0},"end":{"line":28,"column":37}}},"fnMap":{"0":{"name":"(anonymous_0)","decl":{"start":{"line":5,"column":2},"end":{"line":5,"column":3}},"loc":{"start":{"line":5,"column":16},"end":{"line":7,"column":3}},"line":5},"1":{"name":"(anonymous_1)","decl":{"start":{"line":9,"column":2},"end":{"line":9,"column":3}},"loc":{"start":{"line":9,"column":26},"end":{"line":20,"column":3}},"line":9},"2":{"name":"(anonymous_2)","decl":{"start":{"line":22,"column":2},"end":{"line":22,"column":3}},"loc":{"start":{"line":22,"column":31},"end":{"line":25,"column":3}},"line":22},"3":{"name":"(anonymous_3)","decl":{"start":{"line":24,"column":26},"end":{"line":24,"column":27}},"loc":{"start":{"line":24,"column":31},"end":{"line":24,"column":58}},"line":24}},"branchMap":{"0":{"loc":{"start":{"line":14,"column":6},"end":{"line":17,"column":7}},"type":"if","locations":[{"start":{"line":14,"column":6},"end":{"line":17,"column":7}},{"start":{},"end":{}}],"line":14},"1":{"loc":{"start":{"line":24,"column":31},"end":{"line":24,"column":58}},"type":"binary-expr","locations":[{"start":{"line":24,"column":31},"end":{"line":24,"column":46}},{"start":{"line":24,"column":50},"end":{"line":24,"column":58}}],"line":24}},"s":{"0":4,"1":4,"2":4,"3":7,"4":7,"5":6,"6":1,"7":1,"8":0,"9":5,"10":5,"11":7,"12":4},"f":{"0":4,"1":7,"2":5,"3":7},"b":{"0":[1,0],"1":[7,3]},"_coverageSchema":"1a1c01bbd47fc00a2c39e90264f33305004495a9","hash":"028a808a9345d53b19f4a4dc618cb91be8562bb0"}
,"C:\\Users\\giova\\dev\\challenge\\src\\models\\user.model.js": {"path":"C:\\Users\\giova\\dev\\challenge\\src\\models\\user.model.js","statementMap":{"0":{"start":{"line":1,"column":11},"end":{"line":1,"column":33}},"1":{"start":{"line":2,"column":13},"end":{"line":2,"column":28}},"2":{"start":{"line":6,"column":4},"end":{"line":6,"column":74}},"3":{"start":{"line":10,"column":4},"end":{"line":19,"column":5}},"4":{"start":{"line":11,"column":19},"end":{"line":11,"column":59}},"5":{"start":{"line":12,"column":6},"end":{"line":12,"column":36}},"6":{"start":{"line":14,"column":6},"end":{"line":17,"column":7}},"7":{"start":{"line":16,"column":8},"end":{"line":16,"column":18}},"8":{"start":{"line":18,"column":6},"end":{"line":18,"column":18}},"9":{"start":{"line":23,"column":18},"end":{"line":23,"column":42}},"10":{"start":{"line":24,"column":23},"end":{"line":28,"column":5}},"11":{"start":{"line":30,"column":15},"end":{"line":30,"column":65}},"12":{"start":{"line":30,"column":31},"end":{"line":30,"column":64}},"13":{"start":{"line":31,"column":4},"end":{"line":38,"column":5}},"14":{"start":{"line":32,"column":6},"end":{"line":36,"column":8}},"15":{"start":{"line":37,"column":6},"end":{"line":37,"column":23}},"16":{"start":{"line":41,"column":4},"end":{"line":43,"column":5}},"17":{"start":{"line":41,"column":35},"end":{"line":41,"column":67}},"18":{"start":{"line":42,"column":6},"end":{"line":42,"column":65}},"19":{"start":{"line":45,"column":4},"end":{"line":45,"column":38}},"20":{"start":{"line":46,"column":4},"end":{"line":46,"column":44}},"21":{"start":{"line":48,"column":4},"end":{"line":48,"column":74}},"22":{"start":{"line":49,"column":4},"end":{"line":49,"column":16}},"23":{"start":{"line":53,"column":18},"end":{"line":53,"column":42}},"24":{"start":{"line":54,"column":4},"end":{"line":64,"column":9}},"25":{"start":{"line":57,"column":8},"end":{"line":59,"column":9}},"26":{"start":{"line":58,"column":10},"end":{"line":58,"column":47}},"27":{"start":{"line":61,"column":26},"end":{"line":61,"column":84}},"28":{"start":{"line":61,"column":61},"end":{"line":61,"column":82}},"29":{"start":{"line":62,"column":26},"end":{"line":62,"column":84}},"30":{"start":{"line":62,"column":61},"end":{"line":62,"column":82}},"31":{"start":{"line":63,"column":8},"end":{"line":63,"column":37}},"32":{"start":{"line":68,"column":0},"end":{"line":68,"column":33}}},"fnMap":{"0":{"name":"(anonymous_0)","decl":{"start":{"line":5,"column":2},"end":{"line":5,"column":3}},"loc":{"start":{"line":5,"column":16},"end":{"line":7,"column":3}},"line":5},"1":{"name":"(anonymous_1)","decl":{"start":{"line":9,"column":2},"end":{"line":9,"column":3}},"loc":{"start":{"line":9,"column":22},"end":{"line":20,"column":3}},"line":9},"2":{"name":"(anonymous_2)","decl":{"start":{"line":22,"column":2},"end":{"line":22,"column":3}},"loc":{"start":{"line":22,"column":51},"end":{"line":50,"column":3}},"line":22},"3":{"name":"(anonymous_3)","decl":{"start":{"line":30,"column":26},"end":{"line":30,"column":27}},"loc":{"start":{"line":30,"column":31},"end":{"line":30,"column":64}},"line":30},"4":{"name":"(anonymous_4)","decl":{"start":{"line":41,"column":30},"end":{"line":41,"column":31}},"loc":{"start":{"line":41,"column":35},"end":{"line":41,"column":67}},"line":41},"5":{"name":"(anonymous_5)","decl":{"start":{"line":52,"column":2},"end":{"line":52,"column":3}},"loc":{"start":{"line":52,"column":25},"end":{"line":65,"column":3}},"line":52},"6":{"name":"(anonymous_6)","decl":{"start":{"line":55,"column":12},"end":{"line":55,"column":13}},"loc":{"start":{"line":55,"column":22},"end":{"line":64,"column":7}},"line":55},"7":{"name":"(anonymous_7)","decl":{"start":{"line":61,"column":56},"end":{"line":61,"column":57}},"loc":{"start":{"line":61,"column":61},"end":{"line":61,"column":82}},"line":61},"8":{"name":"(anonymous_8)","decl":{"start":{"line":62,"column":56},"end":{"line":62,"column":57}},"loc":{"start":{"line":62,"column":61},"end":{"line":62,"column":82}},"line":62}},"branchMap":{"0":{"loc":{"start":{"line":14,"column":6},"end":{"line":17,"column":7}},"type":"if","locations":[{"start":{"line":14,"column":6},"end":{"line":17,"column":7}},{"start":{},"end":{}}],"line":14},"1":{"loc":{"start":{"line":31,"column":4},"end":{"line":38,"column":5}},"type":"if","locations":[{"start":{"line":31,"column":4},"end":{"line":38,"column":5}},{"start":{},"end":{}}],"line":31},"2":{"loc":{"start":{"line":41,"column":4},"end":{"line":43,"column":5}},"type":"if","locations":[{"start":{"line":41,"column":4},"end":{"line":43,"column":5}},{"start":{},"end":{}}],"line":41},"3":{"loc":{"start":{"line":57,"column":8},"end":{"line":59,"column":9}},"type":"if","locations":[{"start":{"line":57,"column":8},"end":{"line":59,"column":9}},{"start":{},"end":{}}],"line":57}},"s":{"0":4,"1":4,"2":4,"3":7,"4":7,"5":6,"6":1,"7":1,"8":0,"9":4,"10":4,"11":4,"12":4,"13":4,"14":2,"15":2,"16":4,"17":2,"18":1,"19":3,"20":3,"21":3,"22":3,"23":3,"24":3,"25":0,"26":0,"27":0,"28":0,"29":0,"30":0,"31":0,"32":4},"f":{"0":4,"1":7,"2":4,"3":4,"4":2,"5":3,"6":0,"7":0,"8":0},"b":{"0":[1,0],"1":[2,2],"2":[1,3],"3":[0,0]},"_coverageSchema":"1a1c01bbd47fc00a2c39e90264f33305004495a9","hash":"95aa58ef564bb90146ba01575eb26afa2e190a1c"}
,"C:\\Users\\giova\\dev\\challenge\\src\\routes\\challenge.routes.js": {"path":"C:\\Users\\giova\\dev\\challenge\\src\\routes\\challenge.routes.js","statementMap":{"0":{"start":{"line":1,"column":16},"end":{"line":1,"column":34}},"1":{"start":{"line":2,"column":15},"end":{"line":2,"column":31}},"2":{"start":{"line":3,"column":28},"end":{"line":3,"column":74}},"3":{"start":{"line":6,"column":0},"end":{"line":6,"column":62}},"4":{"start":{"line":9,"column":0},"end":{"line":9,"column":63}},"5":{"start":{"line":12,"column":0},"end":{"line":12,"column":59}},"6":{"start":{"line":14,"column":0},"end":{"line":14,"column":24}}},"fnMap":{},"branchMap":{},"s":{"0":1,"1":1,"2":1,"3":1,"4":1,"5":1,"6":1},"f":{},"b":{},"_coverageSchema":"1a1c01bbd47fc00a2c39e90264f33305004495a9","hash":"1b9a1f91921b0de5eb1e6ae4b9f23faa04493a09"}
,"C:\\Users\\giova\\dev\\challenge\\src\\services\\challenge.service.js": {"path":"C:\\Users\\giova\\dev\\challenge\\src\\services\\challenge.service.js","statementMap":{"0":{"start":{"line":1,"column":22},"end":{"line":1,"column":57}},"1":{"start":{"line":2,"column":18},"end":{"line":2,"column":49}},"2":{"start":{"line":7,"column":25},"end":{"line":7,"column":71}},"3":{"start":{"line":8,"column":4},"end":{"line":10,"column":5}},"4":{"start":{"line":9,"column":6},"end":{"line":9,"column":42}},"5":{"start":{"line":13,"column":4},"end":{"line":13,"column":70}},"6":{"start":{"line":17,"column":4},"end":{"line":17,"column":44}},"7":{"start":{"line":21,"column":23},"end":{"line":21,"column":79}},"8":{"start":{"line":22,"column":20},"end":{"line":22,"column":40}},"9":{"start":{"line":23,"column":16},"end":{"line":23,"column":26}},"10":{"start":{"line":24,"column":26},"end":{"line":24,"column":39}},"11":{"start":{"line":26,"column":4},"end":{"line":32,"column":6}},"12":{"start":{"line":36,"column":0},"end":{"line":36,"column":40}}},"fnMap":{"0":{"name":"(anonymous_0)","decl":{"start":{"line":5,"column":2},"end":{"line":5,"column":3}},"loc":{"start":{"line":5,"column":48},"end":{"line":14,"column":3}},"line":5},"1":{"name":"(anonymous_1)","decl":{"start":{"line":16,"column":2},"end":{"line":16,"column":3}},"loc":{"start":{"line":16,"column":25},"end":{"line":18,"column":3}},"line":16},"2":{"name":"(anonymous_2)","decl":{"start":{"line":20,"column":2},"end":{"line":20,"column":3}},"loc":{"start":{"line":20,"column":21},"end":{"line":33,"column":3}},"line":20}},"branchMap":{"0":{"loc":{"start":{"line":8,"column":4},"end":{"line":10,"column":5}},"type":"if","locations":[{"start":{"line":8,"column":4},"end":{"line":10,"column":5}},{"start":{},"end":{}}],"line":8},"1":{"loc":{"start":{"line":21,"column":23},"end":{"line":21,"column":79}},"type":"binary-expr","locations":[{"start":{"line":21,"column":23},"end":{"line":21,"column":53}},{"start":{"line":21,"column":57},"end":{"line":21,"column":79}}],"line":21}},"s":{"0":3,"1":3,"2":4,"3":4,"4":2,"5":2,"6":2,"7":2,"8":2,"9":2,"10":2,"11":2,"12":3},"f":{"0":4,"1":2,"2":2},"b":{"0":[2,2],"1":[2,1]},"_coverageSchema":"1a1c01bbd47fc00a2c39e90264f33305004495a9","hash":"bdec7313792d3b2f9fb2d23db9d19c6bba51142f"}
}
