TN:
SF:src\app.js
FN:25,(anonymous_0)
FNF:1
FNH:0
FNDA:0,(anonymous_0)
DA:1,1
DA:2,1
DA:3,1
DA:4,1
DA:5,1
DA:7,1
DA:10,1
DA:11,1
DA:12,1
DA:13,1
DA:16,1
DA:19,1
DA:20,1
DA:23,1
DA:24,0
DA:25,0
DA:26,0
DA:30,1
LF:18
LH:15
BRDA:23,0,0,0
BRDA:23,0,1,1
BRDA:24,1,0,0
BRDA:24,1,1,0
BRF:4
BRH:1
end_of_record
TN:
SF:src\controllers\challenge.controller.js
FN:4,(anonymous_0)
FN:26,(anonymous_1)
FN:36,(anonymous_2)
FNF:3
FNH:3
FNDA:6,(anonymous_0)
FNDA:3,(anonymous_1)
FNDA:3,(anonymous_2)
DA:1,2
DA:5,6
DA:6,6
DA:8,6
DA:9,2
DA:14,4
DA:15,2
DA:17,2
DA:19,2
DA:21,0
DA:22,0
DA:27,3
DA:28,3
DA:29,2
DA:31,1
DA:32,1
DA:37,3
DA:38,3
DA:39,2
DA:41,1
DA:42,1
DA:47,2
LF:22
LH:20
BRDA:8,0,0,2
BRDA:8,0,1,4
BRDA:8,1,0,6
BRDA:8,1,1,6
BRDA:17,2,0,2
BRDA:17,2,1,0
BRDA:17,3,0,2
BRDA:17,3,1,0
BRF:8
BRH:6
end_of_record
TN:
SF:src\models\passcode.model.js
FN:5,(anonymous_0)
FN:9,(anonymous_1)
FN:22,(anonymous_2)
FN:24,(anonymous_3)
FNF:4
FNH:4
FNDA:4,(anonymous_0)
FNDA:7,(anonymous_1)
FNDA:5,(anonymous_2)
FNDA:7,(anonymous_3)
DA:1,4
DA:2,4
DA:6,4
DA:10,7
DA:11,7
DA:12,6
DA:14,1
DA:16,1
DA:18,0
DA:23,5
DA:24,7
DA:28,4
LF:12
LH:11
BRDA:14,0,0,1
BRDA:14,0,1,0
BRDA:24,1,0,7
BRDA:24,1,1,3
BRF:4
BRH:3
end_of_record
TN:
SF:src\models\user.model.js
FN:5,(anonymous_0)
FN:9,(anonymous_1)
FN:22,(anonymous_2)
FN:30,(anonymous_3)
FN:41,(anonymous_4)
FN:52,(anonymous_5)
FN:55,(anonymous_6)
FN:61,(anonymous_7)
FN:62,(anonymous_8)
FNF:9
FNH:6
FNDA:4,(anonymous_0)
FNDA:7,(anonymous_1)
FNDA:4,(anonymous_2)
FNDA:4,(anonymous_3)
FNDA:2,(anonymous_4)
FNDA:3,(anonymous_5)
FNDA:0,(anonymous_6)
FNDA:0,(anonymous_7)
FNDA:0,(anonymous_8)
DA:1,4
DA:2,4
DA:6,4
DA:10,7
DA:11,7
DA:12,6
DA:14,1
DA:16,1
DA:18,0
DA:23,4
DA:24,4
DA:30,4
DA:31,4
DA:32,2
DA:37,2
DA:41,4
DA:42,1
DA:45,3
DA:46,3
DA:48,3
DA:49,3
DA:53,3
DA:54,3
DA:57,0
DA:58,0
DA:61,0
DA:62,0
DA:63,0
DA:68,4
LF:29
LH:23
BRDA:14,0,0,1
BRDA:14,0,1,0
BRDA:31,1,0,2
BRDA:31,1,1,2
BRDA:41,2,0,1
BRDA:41,2,1,3
BRDA:57,3,0,0
BRDA:57,3,1,0
BRF:8
BRH:5
end_of_record
TN:
SF:src\routes\challenge.routes.js
FNF:0
FNH:0
DA:1,1
DA:2,1
DA:3,1
DA:6,1
DA:9,1
DA:12,1
DA:14,1
LF:7
LH:7
BRF:0
BRH:0
end_of_record
TN:
SF:src\services\challenge.service.js
FN:5,(anonymous_0)
FN:16,(anonymous_1)
FN:20,(anonymous_2)
FNF:3
FNH:3
FNDA:4,(anonymous_0)
FNDA:2,(anonymous_1)
FNDA:2,(anonymous_2)
DA:1,3
DA:2,3
DA:7,4
DA:8,4
DA:9,2
DA:13,2
DA:17,2
DA:21,2
DA:22,2
DA:23,2
DA:24,2
DA:26,2
DA:36,3
LF:13
LH:13
BRDA:8,0,0,2
BRDA:8,0,1,2
BRDA:21,1,0,2
BRDA:21,1,1,1
BRF:4
BRH:4
end_of_record
